<?xml version="1.0" encoding="UTF-8"?>
<!-- Generated by org.testng.reporters.JUnitReportReporter -->
<testsuite hostname="DESKTOP-ID05AMG" failures="0" tests="1" name="rahulshettyacademy.testComponents.testData" time="3.047" errors="0" timestamp="2024-09-01T22:07:04 IST" skipped="0">
  <testcase classname="rahulshettyacademy.testComponents.testData" name="printData" time="3.047"/>
</testsuite> <!-- rahulshettyacademy.testComponents.testData -->
