<?xml version="1.0" encoding="UTF-8"?>
<!-- Generated by org.testng.reporters.JUnitReportReporter -->
<testsuite hostname="DESKTOP-ID05AMG" failures="0" tests="1" name="SeleniumDataProviderPractice.BaseTest" time="0.853" errors="0" timestamp="2024-09-13T23:33:43 IST" skipped="0">
  <testcase classname="SeleniumDataProviderPractice.BaseTest" name="test" time="0.853"/>
</testsuite> <!-- SeleniumDataProviderPractice.BaseTest -->
