<?xml version="1.0" encoding="UTF-8"?>
<!-- Generated by org.testng.reporters.JUnitReportReporter -->
<testsuite hostname="DESKTOP-ID05AMG" failures="0" tests="1"
	name="TestClasses.testClass" time="0.739" errors="0"
	timestamp="2024-08-14T21:28:21 IST" skipped="0">
	<testcase classname="TestClasses.testClass" name="Getdata"
		time="0.739" />
</testsuite> <!-- TestClasses.testClass -->
