<?xml version="1.0" encoding="UTF-8"?>
<!-- Generated by org.testng.reporters.JUnitReportReporter -->
<testsuite hostname="DESKTOP-ID05AMG" failures="0" tests="1" name="SeleniumDataProviderPractice.Basictesting" time="0.077" errors="0" timestamp="2024-09-15T12:31:16 IST" skipped="0">
  <testcase classname="SeleniumDataProviderPractice.Basictesting" name="primeNumber" time="0.077"/>
</testsuite> <!-- SeleniumDataProviderPractice.Basictesting -->
