<?xml version="1.0" encoding="UTF-8"?>
<!-- Generated by org.testng.reporters.JUnitReportReporter -->
<testsuite hostname="DESKTOP-ID05AMG" failures="0" tests="1" name="rahulshettyacademy.testComponents.dataDriven" time="2.949" errors="0" timestamp="2024-08-25T10:20:15 IST" skipped="0">
  <testcase classname="rahulshettyacademy.testComponents.dataDriven" name="excelParsing" time="2.949"/>
</testsuite> <!-- rahulshettyacademy.testComponents.dataDriven -->
