<?xml version="1.0" encoding="UTF-8"?>
<!-- Generated by org.testng.reporters.JUnitReportReporter -->
<testsuite hostname="DESKTOP-ID05AMG" failures="0" tests="1" name="TestClasses.TestObjectInitialize" time="14.857" errors="0" timestamp="2024-09-24T22:47:54 IST" skipped="0">
  <testcase classname="TestClasses.TestObjectInitialize" name="initializeObjects" time="14.857"/>
</testsuite> <!-- TestClasses.TestObjectInitialize -->
