<?xml version="1.0" encoding="UTF-8"?>
<!-- Generated by org.testng.reporters.JUnitReportReporter -->
<testsuite hostname="DESKTOP-ID05AMG" failures="0" tests="1" name="cucumber.TestNgRunnerClass" time="22.166" errors="0" timestamp="2024-09-16T11:19:06 IST" skipped="0">
  <testcase classname="cucumber.TestNgRunnerClass" name="runScenario" time="22.166"/>
</testsuite> <!-- cucumber.TestNgRunnerClass -->
