<?xml version="1.0" encoding="UTF-8"?>
<!-- Generated by org.testng.reporters.JUnitReportReporter -->
<testsuite hostname="DESKTOP-ID05AMG" failures="0" tests="1" name="rahulshettyacademy.testComponents.jdbcConnection" time="1.221" errors="0" timestamp="2024-09-04T11:44:07 IST" skipped="0">
  <testcase classname="rahulshettyacademy.testComponents.jdbcConnection" name="mysqlConnection" time="1.221"/>
</testsuite> <!-- rahulshettyacademy.testComponents.jdbcConnection -->
