<?xml version="1.0" encoding="UTF-8"?>
<!-- Generated by org.testng.reporters.JUnitReportReporter -->
<testsuite hostname="DESKTOP-ID05AMG" failures="0" tests="1" name="TestClasses.DemoTest" time="18.383" errors="0" timestamp="2024-09-01T22:09:16 IST" skipped="0">
  <testcase classname="TestClasses.DemoTest" name="test" time="18.383"/>
</testsuite> <!-- TestClasses.DemoTest -->
